Arguments: 
  /Users/freak/.nvm/versions/node/v14.16.1/bin/node /usr/local/Cellar/yarn/1.22.4/libexec/bin/yarn.js add -D typescrip

PATH: 
  /Users/freak/.nvm/versions/node/v14.16.1/bin:/usr/local/bin:/usr/bin:/bin:/usr/sbin:/sbin:/usr/local/share/dotnet:~/.dotnet/tools:/Library/Apple/usr/bin:/Users/freak/.nvm/versions/node/v14.16.1/bin:/Users/freak/Library/Application Support/Coursier/bin:/Users/freak/Library/Application Support/Coursier/bin

Yarn version: 
  1.22.4

Node version: 
  14.16.1

Platform: 
  darwin x64

Trace: 
  Error: https://registry.yarnpkg.com/typescrip: Not found
      at Request.params.callback [as _callback] (/usr/local/Cellar/yarn/1.22.4/libexec/lib/cli.js:66987:18)
      at Request.self.callback (/usr/local/Cellar/yarn/1.22.4/libexec/lib/cli.js:140748:22)
      at Request.emit (events.js:315:20)
      at Request.<anonymous> (/usr/local/Cellar/yarn/1.22.4/libexec/lib/cli.js:141720:10)
      at Request.emit (events.js:315:20)
      at IncomingMessage.<anonymous> (/usr/local/Cellar/yarn/1.22.4/libexec/lib/cli.js:141642:12)
      at Object.onceWrapper (events.js:421:28)
      at IncomingMessage.emit (events.js:327:22)
      at endReadableNT (internal/streams/readable.js:1327:12)
      at processTicksAndRejections (internal/process/task_queues.js:80:21)

npm manifest: 
  {
    "name": "server-side",
    "version": "1.0.0",
    "main": "index.js",
    "author": "TonSuchat",
    "license": "MIT",
    "dependencies": {
      "ws": "^8.2.0"
    }
  }

yarn manifest: 
  No manifest

Lockfile: 
  # THIS IS AN AUTOGENERATED FILE. DO NOT EDIT THIS FILE DIRECTLY.
  # yarn lockfile v1
  
  
  ws@^8.2.0:
    version "8.2.0"
    resolved "https://registry.yarnpkg.com/ws/-/ws-8.2.0.tgz#0b738cd484bfc9303421914b11bb4011e07615bb"
    integrity sha512-uYhVJ/m9oXwEI04iIVmgLmugh2qrZihkywG9y5FfZV2ATeLIzHf93qs+tUNqlttbQK957/VX3mtwAS+UfIwA4g==
